C:\Users\10310\Documents\Visual Studio 2010\Projects\Homework5\Debug\Homework5.pdb
C:\Users\10310\Documents\Visual Studio 2010\Projects\Homework5\Homework5\Debug\cl.command.1.tlog
C:\Users\10310\Documents\Visual Studio 2010\Projects\Homework5\Homework5\Debug\CL.read.1.tlog
C:\Users\10310\Documents\Visual Studio 2010\Projects\Homework5\Homework5\Debug\CL.write.1.tlog
C:\Users\10310\Documents\Visual Studio 2010\Projects\Homework5\Homework5\Debug\Homework5.exe.embed.manifest
C:\USERS\10310\DOCUMENTS\VISUAL STUDIO 2010\PROJECTS\HOMEWORK5\HOMEWORK5\DEBUG\HOMEWORK5.EXE.EMBED.MANIFEST.RES
C:\Users\10310\Documents\Visual Studio 2010\Projects\Homework5\Homework5\Debug\Homework5.exe.intermediate.manifest
C:\USERS\10310\DOCUMENTS\VISUAL STUDIO 2010\PROJECTS\HOMEWORK5\HOMEWORK5\DEBUG\HOMEWORK5.OBJ
C:\USERS\10310\DOCUMENTS\VISUAL STUDIO 2010\PROJECTS\HOMEWORK5\HOMEWORK5\DEBUG\HOMEWORK5.PCH
C:\USERS\10310\DOCUMENTS\VISUAL STUDIO 2010\PROJECTS\HOMEWORK5\HOMEWORK5\DEBUG\HOMEWORK5.RES
C:\Users\10310\Documents\Visual Studio 2010\Projects\Homework5\Homework5\Debug\Homework5.write.1.tlog
C:\Users\10310\Documents\Visual Studio 2010\Projects\Homework5\Homework5\Debug\Homework5_manifest.rc
C:\USERS\10310\DOCUMENTS\VISUAL STUDIO 2010\PROJECTS\HOMEWORK5\HOMEWORK5\DEBUG\HOMEWORK5DOC.OBJ
C:\USERS\10310\DOCUMENTS\VISUAL STUDIO 2010\PROJECTS\HOMEWORK5\HOMEWORK5\DEBUG\HOMEWORK5VIEW.OBJ
C:\Users\10310\Documents\Visual Studio 2010\Projects\Homework5\Homework5\Debug\link.command.1.tlog
C:\Users\10310\Documents\Visual Studio 2010\Projects\Homework5\Homework5\Debug\link.read.1.tlog
C:\Users\10310\Documents\Visual Studio 2010\Projects\Homework5\Homework5\Debug\link.write.1.tlog
C:\Users\10310\Documents\Visual Studio 2010\Projects\Homework5\Homework5\Debug\link-cvtres.read.1.tlog
C:\Users\10310\Documents\Visual Studio 2010\Projects\Homework5\Homework5\Debug\link-cvtres.write.1.tlog
C:\USERS\10310\DOCUMENTS\VISUAL STUDIO 2010\PROJECTS\HOMEWORK5\HOMEWORK5\DEBUG\MAINFRM.OBJ
C:\USERS\10310\DOCUMENTS\VISUAL STUDIO 2010\PROJECTS\HOMEWORK5\HOMEWORK5\DEBUG\MYOPENGL.OBJ
C:\Users\10310\Documents\Visual Studio 2010\Projects\Homework5\Homework5\Debug\rc.command.1.tlog
C:\Users\10310\Documents\Visual Studio 2010\Projects\Homework5\Homework5\Debug\rc.read.1.tlog
C:\Users\10310\Documents\Visual Studio 2010\Projects\Homework5\Homework5\Debug\rc.write.1.tlog
C:\USERS\10310\DOCUMENTS\VISUAL STUDIO 2010\PROJECTS\HOMEWORK5\HOMEWORK5\DEBUG\STDAFX.OBJ
C:\Users\10310\Documents\Visual Studio 2010\Projects\Homework5\Homework5\Debug\vc100.idb
C:\USERS\10310\DOCUMENTS\VISUAL STUDIO 2010\PROJECTS\HOMEWORK5\HOMEWORK5\DEBUG\VC100.PDB
