生成启动时间为 2018/5/15 17:01:20。
     1>项目“C:\Users\10310\documents\visual studio 2010\Projects\Homework5\Homework5\Homework5.vcxproj”在节点 2 上(build 个目标)。
     1>InitializeBuildStatus:
         正在创建“Debug\Homework5.unsuccessfulbuild”，因为已指定“AlwaysCreate”。
       ClCompile:
         所有输出均为最新。
         所有输出均为最新。
       ResourceCompile:
         所有输出均为最新。
       ManifestResourceCompile:
         所有输出均为最新。
       Link:
         所有输出均为最新。
       Manifest:
         所有输出均为最新。
         所有输出均为最新。
       PostBuildEvent:
         copy ..\debug\*.exe lib
         :VCEnd
         ..\debug\Homework5.exe
         已复制         1 个文件。
       FinalizeBuildStatus:
         正在删除文件“Debug\Homework5.unsuccessfulbuild”。
         正在对“Debug\Homework5.lastbuildstate”执行 Touch 任务。
     1>已完成生成项目“C:\Users\10310\documents\visual studio 2010\Projects\Homework5\Homework5\Homework5.vcxproj”(build 个目标)的操作。

生成成功。

已用时间 00:00:00.20
